# JRE version: Java(TM) SE Runtime Environment (8.0_151-b12) (build 1.8.0_151-b12)
# Java VM: Java HotSpot(TM) 64-Bit Server VM (25.151-b12 mixed mode linux-amd64 compressed oops)
Heap:
 PSYoungGen      total 70144K, used 33230K [0x00000000d6f00000, 0x00000000dfc00000, 0x0000000100000000)
  eden space 61440K, 39% used [0x00000000d6f00000,0x00000000d86f57a0,0x00000000dab00000)
  from space 8704K, 99% used [0x00000000df380000,0x00000000dfbfe280,0x00000000dfc00000)
  to   space 9728K, 23% used [0x00000000de900000,0x00000000deb40000,0x00000000df280000)
 ParOldGen       total 84992K, used 8185K [0x0000000084c00000, 0x0000000089f00000, 0x00000000d6f00000)
  object space 84992K, 9% used [0x0000000084c00000,0x00000000853fe720,0x0000000089f00000)
 Metaspace       used 18367K, capacity 18962K, committed 19328K, reserved 1067008K
  class space    used 2134K, capacity 2316K, committed 2432K, reserved 1048576K
GC Heap History (10 events):
Event: 5,863 GC heap after
Heap after GC invocations=2 (full 0):
 PSYoungGen      total 36864K, used 5106K [0x00000000d6f00000, 0x00000000d9800000, 0x0000000100000000)
  eden space 31744K, 0% used [0x00000000d6f00000,0x00000000d6f00000,0x00000000d8e00000)
  from space 5120K, 99% used [0x00000000d9300000,0x00000000d97fc910,0x00000000d9800000)
  to   space 5120K, 0% used [0x00000000d8e00000,0x00000000d8e00000,0x00000000d9300000)
 ParOldGen       total 84992K, used 1633K [0x0000000084c00000, 0x0000000089f00000, 0x00000000d6f00000)
  object space 84992K, 1% used [0x0000000084c00000,0x0000000084d987f8,0x0000000089f00000)
 Metaspace       used 13101K, capacity 13490K, committed 13824K, reserved 1060864K
  class space    used 1611K, capacity 1725K, committed 1792K, reserved 1048576K
}
Event: 7,550 GC heap before
{Heap before GC invocations=3 (full 0):
 PSYoungGen      total 36864K, used 36850K [0x00000000d6f00000, 0x00000000d9800000, 0x0000000100000000)
  eden space 31744K, 100% used [0x00000000d6f00000,0x00000000d8e00000,0x00000000d8e00000)
  from space 5120K, 99% used [0x00000000d9300000,0x00000000d97fc910,0x00000000d9800000)
  to   space 5120K, 0% used [0x00000000d8e00000,0x00000000d8e00000,0x00000000d9300000)
 ParOldGen       total 84992K, used 1633K [0x0000000084c00000, 0x0000000089f00000, 0x00000000d6f00000)
  object space 84992K, 1% used [0x0000000084c00000,0x0000000084d987f8,0x0000000089f00000)
 Metaspace       used 13467K, capacity 13866K, committed 14080K, reserved 1060864K
  class space    used 1633K, capacity 1761K, committed 1792K, reserved 1048576K
Event: 7,595 GC heap after
Heap after GC invocations=3 (full 0):
 PSYoungGen      total 36864K, used 5120K [0x00000000d6f00000, 0x00000000db700000, 0x0000000100000000)
  eden space 31744K, 0% used [0x00000000d6f00000,0x00000000d6f00000,0x00000000d8e00000)
  from space 5120K, 100% used [0x00000000d8e00000,0x00000000d9300000,0x00000000d9300000)
  to   space 5120K, 0% used [0x00000000db200000,0x00000000db200000,0x00000000db700000)
 ParOldGen       total 84992K, used 2549K [0x0000000084c00000, 0x0000000089f00000, 0x00000000d6f00000)
  object space 84992K, 3% used [0x0000000084c00000,0x0000000084e7d7b0,0x0000000089f00000)
 Metaspace       used 13467K, capacity 13866K, committed 14080K, reserved 1060864K
  class space    used 1633K, capacity 1761K, committed 1792K, reserved 1048576K
}
Event: 9,243 GC heap before
{Heap before GC invocations=4 (full 0):
 PSYoungGen      total 36864K, used 36864K [0x00000000d6f00000, 0x00000000db700000, 0x0000000100000000)
  eden space 31744K, 100% used [0x00000000d6f00000,0x00000000d8e00000,0x00000000d8e00000)
  from space 5120K, 100% used [0x00000000d8e00000,0x00000000d9300000,0x00000000d9300000)
  to   space 5120K, 0% used [0x00000000db200000,0x00000000db200000,0x00000000db700000)
 ParOldGen       total 84992K, used 2549K [0x0000000084c00000, 0x0000000089f00000, 0x00000000d6f00000)
  object space 84992K, 3% used [0x0000000084c00000,0x0000000084e7d7b0,0x0000000089f00000)
 Metaspace       used 13689K, capacity 14076K, committed 14336K, reserved 1062912K
  class space    used 1635K, capacity 1764K, committed 1792K, reserved 1048576K
Event: 9,265 GC heap after
Heap after GC invocations=4 (full 0):
 PSYoungGen      total 68608K, used 5120K [0x00000000d6f00000, 0x00000000db700000, 0x0000000100000000)
  eden space 63488K, 0% used [0x00000000d6f00000,0x00000000d6f00000,0x00000000dad00000)
  from space 5120K, 100% used [0x00000000db200000,0x00000000db700000,0x00000000db700000)
  to   space 5120K, 0% used [0x00000000dad00000,0x00000000dad00000,0x00000000db200000)
 ParOldGen       total 84992K, used 4041K [0x0000000084c00000, 0x0000000089f00000, 0x00000000d6f00000)
  object space 84992K, 4% used [0x0000000084c00000,0x0000000084ff27c0,0x0000000089f00000)
 Metaspace       used 13689K, capacity 14076K, committed 14336K, reserved 1062912K
  class space    used 1635K, capacity 1764K, committed 1792K, reserved 1048576K
}
Event: 12,973 GC heap before
{Heap before GC invocations=5 (full 0):
 PSYoungGen      total 68608K, used 68608K [0x00000000d6f00000, 0x00000000db700000, 0x0000000100000000)
  eden space 63488K, 100% used [0x00000000d6f00000,0x00000000dad00000,0x00000000dad00000)
  from space 5120K, 100% used [0x00000000db200000,0x00000000db700000,0x00000000db700000)
  to   space 5120K, 0% used [0x00000000dad00000,0x00000000dad00000,0x00000000db200000)
 ParOldGen       total 84992K, used 4041K [0x0000000084c00000, 0x0000000089f00000, 0x00000000d6f00000)
  object space 84992K, 4% used [0x0000000084c00000,0x0000000084ff27c0,0x0000000089f00000)
 Metaspace       used 14914K, capacity 15308K, committed 15488K, reserved 1062912K
  class space    used 1747K, capacity 1876K, committed 1920K, reserved 1048576K
Event: 12,993 GC heap after
Heap after GC invocations=5 (full 0):
 PSYoungGen      total 68608K, used 5104K [0x00000000d6f00000, 0x00000000dfc00000, 0x0000000100000000)
  eden space 63488K, 0% used [0x00000000d6f00000,0x00000000d6f00000,0x00000000dad00000)
  from space 5120K, 99% used [0x00000000dad00000,0x00000000db1fc010,0x00000000db200000)
  to   space 8704K, 0% used [0x00000000df380000,0x00000000df380000,0x00000000dfc00000)
 ParOldGen       total 84992K, used 7230K [0x0000000084c00000, 0x0000000089f00000, 0x00000000d6f00000)
  object space 84992K, 8% used [0x0000000084c00000,0x000000008530fa80,0x0000000089f00000)
 Metaspace       used 14914K, capacity 15308K, committed 15488K, reserved 1062912K
  class space    used 1747K, capacity 1876K, committed 1920K, reserved 1048576K
}
Event: 23,264 GC heap before
{Heap before GC invocations=6 (full 0):
 PSYoungGen      total 68608K, used 68592K [0x00000000d6f00000, 0x00000000dfc00000, 0x0000000100000000)
  eden space 63488K, 100% used [0x00000000d6f00000,0x00000000dad00000,0x00000000dad00000)
  from space 5120K, 99% used [0x00000000dad00000,0x00000000db1fc010,0x00000000db200000)
  to   space 8704K, 0% used [0x00000000df380000,0x00000000df380000,0x00000000dfc00000)
 ParOldGen       total 84992K, used 7230K [0x0000000084c00000, 0x0000000089f00000, 0x00000000d6f00000)
  object space 84992K, 8% used [0x0000000084c00000,0x000000008530fa80,0x0000000089f00000)
 Metaspace       used 16810K, capacity 17364K, committed 17536K, reserved 1064960K
  class space    used 1968K, capacity 2151K, committed 2176K, reserved 1048576K
Event: 23,291 GC heap after
Heap after GC invocations=6 (full 0):
 PSYoungGen      total 70144K, used 8696K [0x00000000d6f00000, 0x00000000dfc00000, 0x0000000100000000)
  eden space 61440K, 0% used [0x00000000d6f00000,0x00000000d6f00000,0x00000000dab00000)
  from space 8704K, 99% used [0x00000000df380000,0x00000000dfbfe280,0x00000000dfc00000)
  to   space 9728K, 0% used [0x00000000de900000,0x00000000de900000,0x00000000df280000)
 ParOldGen       total 84992K, used 7401K [0x0000000084c00000, 0x0000000089f00000, 0x00000000d6f00000)
  object space 84992K, 8% used [0x0000000084c00000,0x000000008533a6c0,0x0000000089f00000)
 Metaspace       used 16810K, capacity 17364K, committed 17536K, reserved 1064960K
  class space    used 1968K, capacity 2151K, committed 2176K, reserved 1048576K
}
Event: 28,407 GC heap before
{Heap before GC invocations=7 (full 0):
 PSYoungGen      total 70144K, used 33230K [0x00000000d6f00000, 0x00000000dfc00000, 0x0000000100000000)
  eden space 61440K, 39% used [0x00000000d6f00000,0x00000000d86f57a0,0x00000000dab00000)
  from space 8704K, 99% used [0x00000000df380000,0x00000000dfbfe280,0x00000000dfc00000)
  to   space 9728K, 0% used [0x00000000de900000,0x00000000de900000,0x00000000df280000)
 ParOldGen       total 84992K, used 7401K [0x0000000084c00000, 0x0000000089f00000, 0x00000000d6f00000)
  object space 84992K, 8% used [0x0000000084c00000,0x000000008533a6c0,0x0000000089f00000)
 Metaspace       used 18367K, capacity 18962K, committed 19328K, reserved 1067008K
  class space    used 2134K, capacity 2316K, committed 2432K, reserved 1048576K

