# JRE version: Java(TM) SE Runtime Environment (8.0_151-b12) (build 1.8.0_151-b12)
# Java VM: Java HotSpot(TM) 64-Bit Server VM (25.151-b12 mixed mode linux-amd64 compressed oops)
Heap:
 PSYoungGen      total 68608K, used 19297K [0x00000000d6f00000, 0x00000000db700000, 0x0000000100000000)
  eden space 63488K, 22% used [0x00000000d6f00000,0x00000000d7cd8e80,0x00000000dad00000)
  from space 5120K, 99% used [0x00000000db200000,0x00000000db6ff7f0,0x00000000db700000)
  to   space 5120K, 0% used [0x00000000dad00000,0x00000000dad00000,0x00000000db200000)
 ParOldGen       total 84992K, used 1671K [0x0000000084c00000, 0x0000000089f00000, 0x00000000d6f00000)
  object space 84992K, 1% used [0x0000000084c00000,0x0000000084da1c40,0x0000000089f00000)
 Metaspace       used 13373K, capacity 13732K, committed 13824K, reserved 1060864K
  class space    used 1632K, capacity 1760K, committed 1792K, reserved 1048576K
GC Heap History (4 events):
Event: 0,855 GC heap before
{Heap before GC invocations=1 (full 0):
 PSYoungGen      total 36864K, used 31744K [0x00000000d6f00000, 0x00000000d9800000, 0x0000000100000000)
  eden space 31744K, 100% used [0x00000000d6f00000,0x00000000d8e00000,0x00000000d8e00000)
  from space 5120K, 0% used [0x00000000d9300000,0x00000000d9300000,0x00000000d9800000)
  to   space 5120K, 0% used [0x00000000d8e00000,0x00000000d8e00000,0x00000000d9300000)
 ParOldGen       total 84992K, used 0K [0x0000000084c00000, 0x0000000089f00000, 0x00000000d6f00000)
  object space 84992K, 0% used [0x0000000084c00000,0x0000000084c00000,0x0000000089f00000)
 Metaspace       used 8022K, capacity 8244K, committed 8320K, reserved 1056768K
  class space    used 1016K, capacity 1086K, committed 1152K, reserved 1048576K
Event: 0,875 GC heap after
Heap after GC invocations=1 (full 0):
 PSYoungGen      total 36864K, used 4937K [0x00000000d6f00000, 0x00000000db700000, 0x0000000100000000)
  eden space 31744K, 0% used [0x00000000d6f00000,0x00000000d6f00000,0x00000000d8e00000)
  from space 5120K, 96% used [0x00000000d8e00000,0x00000000d92d2498,0x00000000d9300000)
  to   space 5120K, 0% used [0x00000000db200000,0x00000000db200000,0x00000000db700000)
 ParOldGen       total 84992K, used 8K [0x0000000084c00000, 0x0000000089f00000, 0x00000000d6f00000)
  object space 84992K, 0% used [0x0000000084c00000,0x0000000084c02000,0x0000000089f00000)
 Metaspace       used 8022K, capacity 8244K, committed 8320K, reserved 1056768K
  class space    used 1016K, capacity 1086K, committed 1152K, reserved 1048576K
}
Event: 1,547 GC heap before
{Heap before GC invocations=2 (full 0):
 PSYoungGen      total 36864K, used 36681K [0x00000000d6f00000, 0x00000000db700000, 0x0000000100000000)
  eden space 31744K, 100% used [0x00000000d6f00000,0x00000000d8e00000,0x00000000d8e00000)
  from space 5120K, 96% used [0x00000000d8e00000,0x00000000d92d2498,0x00000000d9300000)
  to   space 5120K, 0% used [0x00000000db200000,0x00000000db200000,0x00000000db700000)
 ParOldGen       total 84992K, used 8K [0x0000000084c00000, 0x0000000089f00000, 0x00000000d6f00000)
  object space 84992K, 0% used [0x0000000084c00000,0x0000000084c02000,0x0000000089f00000)
 Metaspace       used 13094K, capacity 13490K, committed 13824K, reserved 1060864K
  class space    used 1611K, capacity 1725K, committed 1792K, reserved 1048576K
Event: 1,565 GC heap after
Heap after GC invocations=2 (full 0):
 PSYoungGen      total 68608K, used 5117K [0x00000000d6f00000, 0x00000000db700000, 0x0000000100000000)
  eden space 63488K, 0% used [0x00000000d6f00000,0x00000000d6f00000,0x00000000dad00000)
  from space 5120K, 99% used [0x00000000db200000,0x00000000db6ff7f0,0x00000000db700000)
  to   space 5120K, 0% used [0x00000000dad00000,0x00000000dad00000,0x00000000db200000)
 ParOldGen       total 84992K, used 1671K [0x0000000084c00000, 0x0000000089f00000, 0x00000000d6f00000)
  object space 84992K, 1% used [0x0000000084c00000,0x0000000084da1c40,0x0000000089f00000)
 Metaspace       used 13094K, capacity 13490K, committed 13824K, reserved 1060864K
  class space    used 1611K, capacity 1725K, committed 1792K, reserved 1048576K
}

