# JRE version: Java(TM) SE Runtime Environment (8.0_151-b12) (build 1.8.0_151-b12)
# Java VM: Java HotSpot(TM) 64-Bit Server VM (25.151-b12 mixed mode linux-amd64 compressed oops)
Heap:
 PSYoungGen      total 190976K, used 12293K [0x00000000d6f00000, 0x00000000e7780000, 0x0000000100000000)
  eden space 178176K, 0% used [0x00000000d6f00000,0x00000000d6f00000,0x00000000e1d00000)
  from space 12800K, 96% used [0x00000000e6b00000,0x00000000e77014d0,0x00000000e7780000)
  to   space 15360K, 0% used [0x00000000e5980000,0x00000000e5980000,0x00000000e6880000)
 ParOldGen       total 74752K, used 19366K [0x0000000084c00000, 0x0000000089500000, 0x00000000d6f00000)
  object space 74752K, 25% used [0x0000000084c00000,0x0000000085ee9a78,0x0000000089500000)
 Metaspace       used 25970K, capacity 26708K, committed 26880K, reserved 1073152K
  class space    used 3094K, capacity 3311K, committed 3328K, reserved 1048576K
GC Heap History (10 events):
Event: 3,623 GC heap after
Heap after GC invocations=5 (full 0):
 PSYoungGen      total 68608K, used 5120K [0x00000000d6f00000, 0x00000000dfe00000, 0x0000000100000000)
  eden space 63488K, 0% used [0x00000000d6f00000,0x00000000d6f00000,0x00000000dad00000)
  from space 5120K, 100% used [0x00000000dad00000,0x00000000db200000,0x00000000db200000)
  to   space 9728K, 0% used [0x00000000df480000,0x00000000df480000,0x00000000dfe00000)
 ParOldGen       total 84992K, used 8242K [0x0000000084c00000, 0x0000000089f00000, 0x00000000d6f00000)
  object space 84992K, 9% used [0x0000000084c00000,0x000000008540c858,0x0000000089f00000)
 Metaspace       used 18424K, capacity 19000K, committed 19072K, reserved 1067008K
  class space    used 2259K, capacity 2428K, committed 2432K, reserved 1048576K
}
Event: 4,695 GC heap before
{Heap before GC invocations=6 (full 0):
 PSYoungGen      total 68608K, used 68608K [0x00000000d6f00000, 0x00000000dfe00000, 0x0000000100000000)
  eden space 63488K, 100% used [0x00000000d6f00000,0x00000000dad00000,0x00000000dad00000)
  from space 5120K, 100% used [0x00000000dad00000,0x00000000db200000,0x00000000db200000)
  to   space 9728K, 0% used [0x00000000df480000,0x00000000df480000,0x00000000dfe00000)
 ParOldGen       total 84992K, used 8242K [0x0000000084c00000, 0x0000000089f00000, 0x00000000d6f00000)
  object space 84992K, 9% used [0x0000000084c00000,0x000000008540c858,0x0000000089f00000)
 Metaspace       used 19970K, capacity 20504K, committed 20736K, reserved 1067008K
  class space    used 2377K, capacity 2524K, committed 2560K, reserved 1048576K
Event: 4,733 GC heap after
Heap after GC invocations=6 (full 0):
 PSYoungGen      total 131584K, used 9720K [0x00000000d6f00000, 0x00000000e0800000, 0x0000000100000000)
  eden space 121856K, 0% used [0x00000000d6f00000,0x00000000d6f00000,0x00000000de600000)
  from space 9728K, 99% used [0x00000000df480000,0x00000000dfdfe318,0x00000000dfe00000)
  to   space 14848K, 0% used [0x00000000de600000,0x00000000de600000,0x00000000df480000)
 ParOldGen       total 84992K, used 14882K [0x0000000084c00000, 0x0000000089f00000, 0x00000000d6f00000)
  object space 84992K, 17% used [0x0000000084c00000,0x0000000085a88bb0,0x0000000089f00000)
 Metaspace       used 19970K, capacity 20504K, committed 20736K, reserved 1067008K
  class space    used 2377K, capacity 2524K, committed 2560K, reserved 1048576K
}
Event: 5,251 GC heap before
{Heap before GC invocations=7 (full 0):
 PSYoungGen      total 131584K, used 43941K [0x00000000d6f00000, 0x00000000e0800000, 0x0000000100000000)
  eden space 121856K, 28% used [0x00000000d6f00000,0x00000000d906b3e0,0x00000000de600000)
  from space 9728K, 99% used [0x00000000df480000,0x00000000dfdfe318,0x00000000dfe00000)
  to   space 14848K, 0% used [0x00000000de600000,0x00000000de600000,0x00000000df480000)
 ParOldGen       total 84992K, used 14882K [0x0000000084c00000, 0x0000000089f00000, 0x00000000d6f00000)
  object space 84992K, 17% used [0x0000000084c00000,0x0000000085a88bb0,0x0000000089f00000)
 Metaspace       used 20612K, capacity 21154K, committed 21296K, reserved 1069056K
  class space    used 2446K, capacity 2637K, committed 2688K, reserved 1048576K
Event: 5,273 GC heap after
Heap after GC invocations=7 (full 0):
 PSYoungGen      total 136704K, used 9272K [0x00000000d6f00000, 0x00000000e7900000, 0x0000000100000000)
  eden space 121856K, 0% used [0x00000000d6f00000,0x00000000d6f00000,0x00000000de600000)
  from space 14848K, 62% used [0x00000000de600000,0x00000000def0e048,0x00000000df480000)
  to   space 14336K, 0% used [0x00000000e6b00000,0x00000000e6b00000,0x00000000e7900000)
 ParOldGen       total 84992K, used 17328K [0x0000000084c00000, 0x0000000089f00000, 0x00000000d6f00000)
  object space 84992K, 20% used [0x0000000084c00000,0x0000000085cec3f0,0x0000000089f00000)
 Metaspace       used 20612K, capacity 21154K, committed 21296K, reserved 1069056K
  class space    used 2446K, capacity 2637K, committed 2688K, reserved 1048576K
}
Event: 5,274 GC heap before
{Heap before GC invocations=8 (full 1):
 PSYoungGen      total 136704K, used 9272K [0x00000000d6f00000, 0x00000000e7900000, 0x0000000100000000)
  eden space 121856K, 0% used [0x00000000d6f00000,0x00000000d6f00000,0x00000000de600000)
  from space 14848K, 62% used [0x00000000de600000,0x00000000def0e048,0x00000000df480000)
  to   space 14336K, 0% used [0x00000000e6b00000,0x00000000e6b00000,0x00000000e7900000)
 ParOldGen       total 84992K, used 17328K [0x0000000084c00000, 0x0000000089f00000, 0x00000000d6f00000)
  object space 84992K, 20% used [0x0000000084c00000,0x0000000085cec3f0,0x0000000089f00000)
 Metaspace       used 20612K, capacity 21154K, committed 21296K, reserved 1069056K
  class space    used 2446K, capacity 2637K, committed 2688K, reserved 1048576K
Event: 5,434 GC heap after
Heap after GC invocations=8 (full 1):
 PSYoungGen      total 136704K, used 0K [0x00000000d6f00000, 0x00000000e7900000, 0x0000000100000000)
  eden space 121856K, 0% used [0x00000000d6f00000,0x00000000d6f00000,0x00000000de600000)
  from space 14848K, 0% used [0x00000000de600000,0x00000000de600000,0x00000000df480000)
  to   space 14336K, 0% used [0x00000000e6b00000,0x00000000e6b00000,0x00000000e7900000)
 ParOldGen       total 74752K, used 19358K [0x0000000084c00000, 0x0000000089500000, 0x00000000d6f00000)
  object space 74752K, 25% used [0x0000000084c00000,0x0000000085ee7a78,0x0000000089500000)
 Metaspace       used 20612K, capacity 21154K, committed 21296K, reserved 1069056K
  class space    used 2446K, capacity 2637K, committed 2688K, reserved 1048576K
}
Event: 7,556 GC heap before
{Heap before GC invocations=9 (full 1):
 PSYoungGen      total 136704K, used 93560K [0x00000000d6f00000, 0x00000000e7900000, 0x0000000100000000)
  eden space 121856K, 76% used [0x00000000d6f00000,0x00000000dca5e1e8,0x00000000de600000)
  from space 14848K, 0% used [0x00000000de600000,0x00000000de600000,0x00000000df480000)
  to   space 14336K, 0% used [0x00000000e6b00000,0x00000000e6b00000,0x00000000e7900000)
 ParOldGen       total 74752K, used 19358K [0x0000000084c00000, 0x0000000089500000, 0x00000000d6f00000)
  object space 74752K, 25% used [0x0000000084c00000,0x0000000085ee7a78,0x0000000089500000)
 Metaspace       used 25970K, capacity 26708K, committed 26880K, reserved 1073152K
  class space    used 3094K, capacity 3311K, committed 3328K, reserved 1048576K
Event: 7,577 GC heap after
Heap after GC invocations=9 (full 1):
 PSYoungGen      total 190976K, used 12293K [0x00000000d6f00000, 0x00000000e7780000, 0x0000000100000000)
  eden space 178176K, 0% used [0x00000000d6f00000,0x00000000d6f00000,0x00000000e1d00000)
  from space 12800K, 96% used [0x00000000e6b00000,0x00000000e77014d0,0x00000000e7780000)
  to   space 15360K, 0% used [0x00000000e5980000,0x00000000e5980000,0x00000000e6880000)
 ParOldGen       total 74752K, used 19366K [0x0000000084c00000, 0x0000000089500000, 0x00000000d6f00000)
  object space 74752K, 25% used [0x0000000084c00000,0x0000000085ee9a78,0x0000000089500000)
 Metaspace       used 25970K, capacity 26708K, committed 26880K, reserved 1073152K
  class space    used 3094K, capacity 3311K, committed 3328K, reserved 1048576K
}
Event: 7,577 GC heap before
{Heap before GC invocations=10 (full 2):
 PSYoungGen      total 190976K, used 12293K [0x00000000d6f00000, 0x00000000e7780000, 0x0000000100000000)
  eden space 178176K, 0% used [0x00000000d6f00000,0x00000000d6f00000,0x00000000e1d00000)
  from space 12800K, 96% used [0x00000000e6b00000,0x00000000e77014d0,0x00000000e7780000)
  to   space 15360K, 0% used [0x00000000e5980000,0x00000000e5980000,0x00000000e6880000)
 ParOldGen       total 74752K, used 19366K [0x0000000084c00000, 0x0000000089500000, 0x00000000d6f00000)
  object space 74752K, 25% used [0x0000000084c00000,0x0000000085ee9a78,0x0000000089500000)
 Metaspace       used 25970K, capacity 26708K, committed 26880K, reserved 1073152K
  class space    used 3094K, capacity 3311K, committed 3328K, reserved 1048576K

